# JRE version: Java(TM) SE Runtime Environment (8.0_201-b09) (build 1.8.0_201-b09)
# Java VM: Java HotSpot(TM) 64-Bit Server VM (25.201-b09 mixed mode windows-amd64 compressed oops)
Heap:
 PSYoungGen      total 315904K, used 214222K [0x000000076ae00000, 0x0000000780900000, 0x00000007c0000000)
  eden space 287744K, 64% used [0x000000076ae00000,0x00000007763b8ea8,0x000000077c700000)
  from space 28160K, 99% used [0x000000077e600000,0x000000078017acd0,0x0000000780180000)
  to   space 31744K, 0% used [0x000000077c700000,0x000000077c700000,0x000000077e600000)
 ParOldGen       total 336896K, used 60028K [0x00000006c0a00000, 0x00000006d5300000, 0x000000076ae00000)
  object space 336896K, 17% used [0x00000006c0a00000,0x00000006c449f330,0x00000006d5300000)
 Metaspace       used 89054K, capacity 92496K, committed 92696K, reserved 1130496K
  class space    used 11865K, capacity 12515K, committed 12568K, reserved 1048576K
GC Heap History (10 events):
Event: 5.254 GC heap before
{Heap before GC invocations=9 (full 2):
 PSYoungGen      total 280064K, used 22511K [0x000000076ae00000, 0x000000077e500000, 0x00000007c0000000)
  eden space 257536K, 0% used [0x000000076ae00000,0x000000076ae00000,0x000000077a980000)
  from space 22528K, 99% used [0x000000077a980000,0x000000077bf7bdf0,0x000000077bf80000)
  to   space 27136K, 0% used [0x000000077ca80000,0x000000077ca80000,0x000000077e500000)
 ParOldGen       total 135168K, used 26508K [0x00000006c0a00000, 0x00000006c8e00000, 0x000000076ae00000)
  object space 135168K, 19% used [0x00000006c0a00000,0x00000006c23e31e0,0x00000006c8e00000)
 Metaspace       used 34661K, capacity 35434K, committed 35496K, reserved 1081344K
  class space    used 4249K, capacity 4508K, committed 4520K, reserved 1048576K
Event: 5.503 GC heap after
Heap after GC invocations=9 (full 2):
 PSYoungGen      total 280064K, used 0K [0x000000076ae00000, 0x000000077e500000, 0x00000007c0000000)
  eden space 257536K, 0% used [0x000000076ae00000,0x000000076ae00000,0x000000077a980000)
  from space 22528K, 0% used [0x000000077a980000,0x000000077a980000,0x000000077bf80000)
  to   space 27136K, 0% used [0x000000077ca80000,0x000000077ca80000,0x000000077e500000)
 ParOldGen       total 237568K, used 46089K [0x00000006c0a00000, 0x00000006cf200000, 0x000000076ae00000)
  object space 237568K, 19% used [0x00000006c0a00000,0x00000006c3702750,0x00000006cf200000)
 Metaspace       used 34659K, capacity 35428K, committed 35496K, reserved 1081344K
  class space    used 4249K, capacity 4507K, committed 4520K, reserved 1048576K
}
Event: 7.780 GC heap before
{Heap before GC invocations=10 (full 2):
 PSYoungGen      total 280064K, used 257536K [0x000000076ae00000, 0x000000077e500000, 0x00000007c0000000)
  eden space 257536K, 100% used [0x000000076ae00000,0x000000077a980000,0x000000077a980000)
  from space 22528K, 0% used [0x000000077a980000,0x000000077a980000,0x000000077bf80000)
  to   space 27136K, 0% used [0x000000077ca80000,0x000000077ca80000,0x000000077e500000)
 ParOldGen       total 237568K, used 46089K [0x00000006c0a00000, 0x00000006cf200000, 0x000000076ae00000)
  object space 237568K, 19% used [0x00000006c0a00000,0x00000006c3702750,0x00000006cf200000)
 Metaspace       used 50175K, capacity 52178K, committed 52520K, reserved 1095680K
  class space    used 6402K, capacity 6856K, committed 6952K, reserved 1048576K
Event: 7.795 GC heap after
Heap after GC invocations=10 (full 2):
 PSYoungGen      total 290816K, used 21088K [0x000000076ae00000, 0x0000000780f00000, 0x00000007c0000000)
  eden space 263680K, 0% used [0x000000076ae00000,0x000000076ae00000,0x000000077af80000)
  from space 27136K, 77% used [0x000000077ca80000,0x000000077df18288,0x000000077e500000)
  to   space 27648K, 0% used [0x000000077af80000,0x000000077af80000,0x000000077ca80000)
 ParOldGen       total 237568K, used 46161K [0x00000006c0a00000, 0x00000006cf200000, 0x000000076ae00000)
  object space 237568K, 19% used [0x00000006c0a00000,0x00000006c3714760,0x00000006cf200000)
 Metaspace       used 50175K, capacity 52178K, committed 52520K, reserved 1095680K
  class space    used 6402K, capacity 6856K, committed 6952K, reserved 1048576K
}
Event: 8.879 GC heap before
{Heap before GC invocations=11 (full 2):
 PSYoungGen      total 290816K, used 93770K [0x000000076ae00000, 0x0000000780f00000, 0x00000007c0000000)
  eden space 263680K, 27% used [0x000000076ae00000,0x000000076f4fa8e0,0x000000077af80000)
  from space 27136K, 77% used [0x000000077ca80000,0x000000077df18288,0x000000077e500000)
  to   space 27648K, 0% used [0x000000077af80000,0x000000077af80000,0x000000077ca80000)
 ParOldGen       total 237568K, used 46161K [0x00000006c0a00000, 0x00000006cf200000, 0x000000076ae00000)
  object space 237568K, 19% used [0x00000006c0a00000,0x00000006c3714760,0x00000006cf200000)
 Metaspace       used 56950K, capacity 59032K, committed 59160K, reserved 1101824K
  class space    used 7181K, capacity 7643K, committed 7704K, reserved 1048576K
Event: 8.890 GC heap after
Heap after GC invocations=11 (full 2):
 PSYoungGen      total 291328K, used 20523K [0x000000076ae00000, 0x0000000780180000, 0x00000007c0000000)
  eden space 263680K, 0% used [0x000000076ae00000,0x000000076ae00000,0x000000077af80000)
  from space 27648K, 74% used [0x000000077af80000,0x000000077c38ae18,0x000000077ca80000)
  to   space 28160K, 0% used [0x000000077e600000,0x000000077e600000,0x0000000780180000)
 ParOldGen       total 237568K, used 46169K [0x00000006c0a00000, 0x00000006cf200000, 0x000000076ae00000)
  object space 237568K, 19% used [0x00000006c0a00000,0x00000006c3716760,0x00000006cf200000)
 Metaspace       used 56950K, capacity 59032K, committed 59160K, reserved 1101824K
  class space    used 7181K, capacity 7643K, committed 7704K, reserved 1048576K
}
Event: 8.890 GC heap before
{Heap before GC invocations=12 (full 3):
 PSYoungGen      total 291328K, used 20523K [0x000000076ae00000, 0x0000000780180000, 0x00000007c0000000)
  eden space 263680K, 0% used [0x000000076ae00000,0x000000076ae00000,0x000000077af80000)
  from space 27648K, 74% used [0x000000077af80000,0x000000077c38ae18,0x000000077ca80000)
  to   space 28160K, 0% used [0x000000077e600000,0x000000077e600000,0x0000000780180000)
 ParOldGen       total 237568K, used 46169K [0x00000006c0a00000, 0x00000006cf200000, 0x000000076ae00000)
  object space 237568K, 19% used [0x00000006c0a00000,0x00000006c3716760,0x00000006cf200000)
 Metaspace       used 56950K, capacity 59032K, committed 59160K, reserved 1101824K
  class space    used 7181K, capacity 7643K, committed 7704K, reserved 1048576K
Event: 9.024 GC heap after
Heap after GC invocations=12 (full 3):
 PSYoungGen      total 291328K, used 0K [0x000000076ae00000, 0x0000000780180000, 0x00000007c0000000)
  eden space 263680K, 0% used [0x000000076ae00000,0x000000076ae00000,0x000000077af80000)
  from space 27648K, 0% used [0x000000077af80000,0x000000077af80000,0x000000077ca80000)
  to   space 28160K, 0% used [0x000000077e600000,0x000000077e600000,0x0000000780180000)
 ParOldGen       total 336896K, used 57202K [0x00000006c0a00000, 0x00000006d5300000, 0x000000076ae00000)
  object space 336896K, 16% used [0x00000006c0a00000,0x00000006c41dcb40,0x00000006d5300000)
 Metaspace       used 56950K, capacity 59032K, committed 59160K, reserved 1101824K
  class space    used 7181K, capacity 7643K, committed 7704K, reserved 1048576K
}
Event: 13.334 GC heap before
{Heap before GC invocations=13 (full 3):
 PSYoungGen      total 291328K, used 263680K [0x000000076ae00000, 0x0000000780180000, 0x00000007c0000000)
  eden space 263680K, 100% used [0x000000076ae00000,0x000000077af80000,0x000000077af80000)
  from space 27648K, 0% used [0x000000077af80000,0x000000077af80000,0x000000077ca80000)
  to   space 28160K, 0% used [0x000000077e600000,0x000000077e600000,0x0000000780180000)
 ParOldGen       total 336896K, used 57202K [0x00000006c0a00000, 0x00000006d5300000, 0x000000076ae00000)
  object space 336896K, 16% used [0x00000006c0a00000,0x00000006c41dcb40,0x00000006d5300000)
 Metaspace       used 81825K, capacity 85032K, committed 85272K, reserved 1122304K
  class space    used 10896K, capacity 11507K, committed 11544K, reserved 1048576K
Event: 13.365 GC heap after
Heap after GC invocations=13 (full 3):
 PSYoungGen      total 315904K, used 28139K [0x000000076ae00000, 0x0000000780900000, 0x00000007c0000000)
  eden space 287744K, 0% used [0x000000076ae00000,0x000000076ae00000,0x000000077c700000)
  from space 28160K, 99% used [0x000000077e600000,0x000000078017acd0,0x0000000780180000)
  to   space 31744K, 0% used [0x000000077c700000,0x000000077c700000,0x000000077e600000)
 ParOldGen       total 336896K, used 60028K [0x00000006c0a00000, 0x00000006d5300000, 0x000000076ae00000)
  object space 336896K, 17% used [0x00000006c0a00000,0x00000006c449f330,0x00000006d5300000)
 Metaspace       used 81825K, capacity 85032K, committed 85272K, reserved 1122304K
  class space    used 10896K, capacity 11507K, committed 11544K, reserved 1048576K
}

